Parse-Server-Starter-Project/ParseStarterProject/build/outputs/mapping/release/mapping.txt
# compiler: R8
# compiler_version: 1.4.94
# min_api: 9
com.parse.starter.MainActivity -> com.parse.starter.MainActivity:
    1:1:void <init>():42:42 -> <init>
    2:2:void <init>():44:44 -> <init>
    1:6:void onClick(android.view.View):65:70 -> onClick
    7:9:void onClick(android.view.View):72:74 -> onClick
    10:12:void onClick(android.view.View):76:78 -> onClick
    1:2:void onCreate(android.os.Bundle):127:128 -> onCreate
    3:4:void onCreate(android.os.Bundle):130:131 -> onCreate
    5:5:void onCreate(android.os.Bundle):133:133 -> onCreate
    6:6:void onCreate(android.os.Bundle):135:135 -> onCreate
    7:8:void onCreate(android.os.Bundle):137:138 -> onCreate
    9:10:void onCreate(android.os.Bundle):140:141 -> onCreate
    11:12:void onCreate(android.os.Bundle):143:144 -> onCreate
    13:13:void onCreate(android.os.Bundle):147:147 -> onCreate
    1:2:boolean onKey(android.view.View,int,android.view.KeyEvent):56:57 -> onKey
    1:2:void showUserList():49:50 -> showUserList
    1:1:void signUp(android.view.View):83:83 -> signUp
    2:2:void signUp(android.view.View):86:86 -> signUp
    3:6:void signUp(android.view.View):89:92 -> signUp
    7:7:void signUp(android.view.View):94:94 -> signUp
    8:8:void signUp(android.view.View):106:106 -> signUp
    9:9:void signUp(android.view.View):87:87 -> signUp
com.parse.starter.MainActivity$1 -> com.parse.starter.MainActivity$1:
    1:1:void <init>(com.parse.starter.MainActivity):94:94 -> <init>
    1:1:void done(java.lang.Throwable):94:94 -> done
    2:3:void done(com.parse.ParseException):98:99 -> done
    4:4:void done(com.parse.ParseException):101:101 -> done
com.parse.starter.MainActivity$2 -> com.parse.starter.MainActivity$2:
    1:1:void <init>(com.parse.starter.MainActivity):106:106 -> <init>
    1:1:void done(java.lang.Object,java.lang.Throwable):106:106 -> done
    2:3:void done(com.parse.ParseUser,com.parse.ParseException):110:111 -> done
    4:4:void done(com.parse.ParseUser,com.parse.ParseException):113:113 -> done
com.parse.starter.StarterApplication -> com.parse.starter.StarterApplication:
    1:1:void <init>():22:22 -> <init>
    1:1:void onCreate():26:26 -> onCreate
    2:2:void onCreate():29:29 -> onCreate
    3:7:void onCreate():32:36 -> onCreate
    8:8:void onCreate():32:32 -> onCreate
    9:12:void onCreate():42:45 -> onCreate
com.parse.starter.UserFeedActivity -> com.parse.starter.UserFeedActivity:
    1:1:void <init>():21:21 -> <init>
    1:2:void onCreate(android.os.Bundle):25:26 -> onCreate
    3:5:void onCreate(android.os.Bundle):28:30 -> onCreate
    6:6:void onCreate(android.os.Bundle):32:32 -> onCreate
    7:9:void onCreate(android.os.Bundle):34:36 -> onCreate
    10:10:void onCreate(android.os.Bundle):38:38 -> onCreate
com.parse.starter.UserFeedActivity$1 -> com.parse.starter.UserFeedActivity$1:
    1:1:void <init>(com.parse.starter.UserFeedActivity,android.widget.LinearLayout):38:38 -> <init>
    1:1:void done(java.lang.Object,java.lang.Throwable):38:38 -> done
    2:4:void done(java.util.List,com.parse.ParseException):42:44 -> done
    5:5:void done(java.util.List,com.parse.ParseException):46:46 -> done
com.parse.starter.UserFeedActivity$1$1 -> com.parse.starter.UserFeedActivity$1$1:
    1:1:void <init>(com.parse.starter.UserFeedActivity$1):46:46 -> <init>
    1:1:void done(java.lang.Object,java.lang.Throwable):46:46 -> done
    2:2:void done(byte[],com.parse.ParseException):51:51 -> done
    3:4:void done(byte[],com.parse.ParseException):53:54 -> done
    5:6:void done(byte[],com.parse.ParseException):59:60 -> done
...
com.google.android.gms.internal.zzaoi$1 -> c.a.b.a.d.Ne:
    com.google.android.gms.internal.zzanh zza(com.google.android.gms.internal.zzamp,com.google.android.gms.internal.zzaol) -> a
com.google.android.gms.internal.zzaoj -> c.a.b.a.d.Pe:
    com.google.android.gms.internal.zzamp bfV -> a
    java.lang.reflect.Type bfW -> c
    com.google.android.gms.internal.zzanh bdZ -> b
    void zza(com.google.android.gms.internal.zzaoo,java.lang.Object) -> a
    java.lang.Object zzb(com.google.android.gms.internal.zzaom) -> a
    java.lang.reflect.Type zzb(java.lang.reflect.Type,java.lang.Object) -> a
com.google.android.gms.internal.zzaok -> c.a.b.a.d.wf:
    com.google.android.gms.internal.zzani bgu -> x
    com.google.android.gms.internal.zzani bgw -> z
    com.google.android.gms.internal.zzani bgq -> t
    com.google.android.gms.internal.zzanh bgs -> v
    com.google.android.gms.internal.zzanh bfX -> a
    com.google.android.gms.internal.zzani bgy -> B
    com.google.android.gms.internal.zzani bgE -> H
    com.google.android.gms.internal.zzani bgf -> i
    com.google.android.gms.internal.zzani bgG -> J
    com.google.android.gms.internal.zzani bgh -> k
    com.google.android.gms.internal.zzanh bfZ -> c
    com.google.android.gms.internal.zzani bgA -> D
    com.google.android.gms.internal.zzanh bgb -> e
    com.google.android.gms.internal.zzani bgC -> F
    com.google.android.gms.internal.zzani bgd -> g
    com.google.android.gms.internal.zzanh bgl -> o
    com.google.android.gms.internal.zzanh bgM -> P
    com.google.android.gms.internal.zzanh bgn -> q
    com.google.android.gms.internal.zzani bgO -> R
    com.google.android.gms.internal.zzani bgj -> m
    com.google.android.gms.internal.zzanh bgI -> L
    com.google.android.gms.internal.zzanh bgK -> N
    com.google.android.gms.internal.zzanh bgt -> w
    com.google.android.gms.internal.zzanh bgv -> y
    com.google.android.gms.internal.zzanh bgp -> s
    com.google.android.gms.internal.zzanh bgr -> u
    com.google.android.gms.internal.zzani bfY -> b
    com.google.android.gms.internal.zzanh bgx -> A
com.google.android.gms.internal.zzaok$1 -> c.a.b.a.d.af:
    void zza(com.google.android.gms.internal.zzaoo,java.lang.Class) -> a
    void zza(com.google.android.gms.internal.zzaoo,java.lang.Object) -> a
    java.lang.Object zzb(com.google.android.gms.internal.zzaom) -> a
    java.lang.Class zzo(com.google.android.gms.internal.zzaom) -> b
com.google.android.gms.internal.zzaok$10 -> c.a.b.a.d.Qe:
    void zza(com.google.android.gms.internal.zzaoo,java.lang.Object) -> a
    void zza(com.google.android.gms.internal.zzaoo,java.net.URL) -> a
    java.lang.Object zzb(com.google.android.gms.internal.zzaom) -> a
    java.net.URL zzv(com.google.android.gms.internal.zzaom) -> b
com.google.android.gms.internal.zzaok$11 -> c.a.b.a.d.Re:
    void zza(com.google.android.gms.internal.zzaoo,java.lang.Object) -> a
    void zza(com.google.android.gms.internal.zzaoo,java.net.URI) -> a
    java.lang.Object zzb(com.google.android.gms.internal.zzaom) -> a
    java.net.URI zzw(com.google.android.gms.internal.zzaom) -> b
com.google.android.gms.internal.zzaok$12 -> c.a.b.a.d.Se:
    void zza(com.google.android.gms.internal.zzaoo,java.lang.Object) -> a
    void zza(com.google.android.gms.internal.zzaoo,java.util.BitSet) -> a
    java.lang.Object zzb(com.google.android.gms.internal.zzaom) -> a
    java.util.BitSet zzx(com.google.android.gms.internal.zzaom) -> b
com.google.android.gms.internal.zzaok$13 -> c.a.b.a.d.Te:
    void zza(com.google.android.gms.internal.zzaoo,java.lang.Object) -> a
    void zza(com.google.android.gms.internal.zzaoo,java.net.InetAddress) -> a
    java.lang.Object zzb(com.google.android.gms.internal.zzaom) -> a
    java.net.InetAddress zzy(com.google.android.gms.internal.zzaom) -> b